<?xml version="1.0" encoding="UTF-8"?>
<!-- Generated by org.testng.reporters.JUnitReportReporter -->
<testsuite hostname="Avankia-PC" name="com.tr.accounts.Create_Account_Contact_JobTest" tests="3" failures="0" timestamp="23 Mar 2015 15:05:53 GMT" time="73.484" errors="0">
  <testcase name="createJob" time="36.887" classname="com.tr.accounts.Create_Account_Contact_JobTest"/>
  <testcase name="createContact" time="22.570" classname="com.tr.accounts.Create_Account_Contact_JobTest"/>
  <testcase name="createAccount" time="14.027" classname="com.tr.accounts.Create_Account_Contact_JobTest"/>
</testsuite> <!-- com.tr.accounts.Create_Account_Contact_JobTest -->
